<?xml version="1.0" encoding="UTF-8"?>
<testsuite name="daowebapi.UserControllerTests" tests="2" skipped="0" failures="0" errors="0" timestamp="2016-11-11T05:40:47" hostname="Thongs-MBP.attlocal.net" time="0.011">
  <properties/>
  <testcase name="noParamGreetingShouldReturnDefaultMessage" classname="daowebapi.UserControllerTests" time="0.008"/>
  <testcase name="paramGreetingShouldReturnTailoredMessage" classname="daowebapi.UserControllerTests" time="0.002"/>
  <system-out><![CDATA[00:40:45.591 [Test worker] DEBUG org.springframework.test.context.junit4.SpringJUnit4ClassRunner - SpringJUnit4ClassRunner constructor called with [class daowebapi.UserControllerTests]
00:40:45.595 [Test worker] DEBUG org.springframework.test.context.BootstrapUtils - Instantiating CacheAwareContextLoaderDelegate from class [org.springframework.test.context.cache.DefaultCacheAwareContextLoaderDelegate]
00:40:45.600 [Test worker] DEBUG org.springframework.test.context.BootstrapUtils - Instantiating BootstrapContext using constructor [public org.springframework.test.context.support.DefaultBootstrapContext(java.lang.Class,org.springframework.test.context.CacheAwareContextLoaderDelegate)]
00:40:45.619 [Test worker] DEBUG org.springframework.test.context.BootstrapUtils - Instantiating TestContextBootstrapper for test class [daowebapi.UserControllerTests] from class [org.springframework.boot.test.context.SpringBootTestContextBootstrapper]
00:40:45.630 [Test worker] INFO org.springframework.boot.test.context.SpringBootTestContextBootstrapper - Neither @ContextConfiguration nor @ContextHierarchy found for test class [daowebapi.UserControllerTests], using SpringBootContextLoader
00:40:45.633 [Test worker] DEBUG org.springframework.test.context.support.AbstractContextLoader - Did not detect default resource location for test class [daowebapi.UserControllerTests]: class path resource [daowebapi/UserControllerTests-context.xml] does not exist
00:40:45.633 [Test worker] DEBUG org.springframework.test.context.support.AbstractContextLoader - Did not detect default resource location for test class [daowebapi.UserControllerTests]: class path resource [daowebapi/UserControllerTestsContext.groovy] does not exist
00:40:45.633 [Test worker] INFO org.springframework.test.context.support.AbstractContextLoader - Could not detect default resource locations for test class [daowebapi.UserControllerTests]: no resource found for suffixes {-context.xml, Context.groovy}.
00:40:45.634 [Test worker] INFO org.springframework.test.context.support.AnnotationConfigContextLoaderUtils - Could not detect default configuration classes for test class [daowebapi.UserControllerTests]: UserControllerTests does not declare any static, non-private, non-final, nested classes annotated with @Configuration.
00:40:45.668 [Test worker] DEBUG org.springframework.test.context.support.ActiveProfilesUtils - Could not find an 'annotation declaring class' for annotation type [org.springframework.test.context.ActiveProfiles] and class [daowebapi.UserControllerTests]
00:40:45.700 [Test worker] DEBUG org.springframework.core.env.StandardEnvironment - Adding [systemProperties] PropertySource with lowest search precedence
00:40:45.701 [Test worker] DEBUG org.springframework.core.env.StandardEnvironment - Adding [systemEnvironment] PropertySource with lowest search precedence
00:40:45.701 [Test worker] DEBUG org.springframework.core.env.StandardEnvironment - Initialized StandardEnvironment with PropertySources [systemProperties,systemEnvironment]
00:40:45.709 [Test worker] DEBUG org.springframework.core.io.support.PathMatchingResourcePatternResolver - Resolved classpath location [daowebapi/] to resources [URL [file:/Users/tmizzle2005/Desktop/projects/daowebapi/build/classes/test/daowebapi/], URL [file:/Users/tmizzle2005/Desktop/projects/daowebapi/build/classes/main/daowebapi/]]
00:40:45.709 [Test worker] DEBUG org.springframework.core.io.support.PathMatchingResourcePatternResolver - Looking for matching resources in directory tree [/Users/tmizzle2005/Desktop/projects/daowebapi/build/classes/test/daowebapi]
00:40:45.709 [Test worker] DEBUG org.springframework.core.io.support.PathMatchingResourcePatternResolver - Searching directory [/Users/tmizzle2005/Desktop/projects/daowebapi/build/classes/test/daowebapi] for files matching pattern [/Users/tmizzle2005/Desktop/projects/daowebapi/build/classes/test/daowebapi/*.class]
00:40:45.712 [Test worker] DEBUG org.springframework.core.io.support.PathMatchingResourcePatternResolver - Looking for matching resources in directory tree [/Users/tmizzle2005/Desktop/projects/daowebapi/build/classes/main/daowebapi]
00:40:45.712 [Test worker] DEBUG org.springframework.core.io.support.PathMatchingResourcePatternResolver - Searching directory [/Users/tmizzle2005/Desktop/projects/daowebapi/build/classes/main/daowebapi] for files matching pattern [/Users/tmizzle2005/Desktop/projects/daowebapi/build/classes/main/daowebapi/*.class]
00:40:45.713 [Test worker] DEBUG org.springframework.core.io.support.PathMatchingResourcePatternResolver - Resolved location pattern [classpath*:daowebapi/*.class] to resources [file [/Users/tmizzle2005/Desktop/projects/daowebapi/build/classes/test/daowebapi/UserControllerTests.class], file [/Users/tmizzle2005/Desktop/projects/daowebapi/build/classes/main/daowebapi/Application.class]]
00:40:45.742 [Test worker] DEBUG org.springframework.context.annotation.ClassPathScanningCandidateComponentProvider - Identified candidate component class: file [/Users/tmizzle2005/Desktop/projects/daowebapi/build/classes/main/daowebapi/Application.class]
00:40:45.743 [Test worker] INFO org.springframework.boot.test.context.SpringBootTestContextBootstrapper - Found @SpringBootConfiguration daowebapi.Application for test class daowebapi.UserControllerTests
00:40:45.745 [Test worker] DEBUG org.springframework.boot.test.context.SpringBootTestContextBootstrapper - @TestExecutionListeners is not present for class [daowebapi.UserControllerTests]: using defaults.
00:40:45.748 [Test worker] INFO org.springframework.boot.test.context.SpringBootTestContextBootstrapper - Loaded default TestExecutionListener class names from location [META-INF/spring.factories]: [org.springframework.boot.test.mock.mockito.MockitoTestExecutionListener, org.springframework.boot.test.mock.mockito.ResetMocksTestExecutionListener, org.springframework.boot.test.autoconfigure.restdocs.RestDocsTestExecutionListener, org.springframework.boot.test.autoconfigure.web.client.MockRestServiceServerResetTestExecutionListener, org.springframework.boot.test.autoconfigure.web.servlet.MockMvcPrintOnlyOnFailureTestExecutionListener, org.springframework.boot.test.autoconfigure.web.servlet.WebDriverTestExecutionListener, org.springframework.test.context.web.ServletTestExecutionListener, org.springframework.test.context.support.DirtiesContextBeforeModesTestExecutionListener, org.springframework.test.context.support.DependencyInjectionTestExecutionListener, org.springframework.test.context.support.DirtiesContextTestExecutionListener, org.springframework.test.context.transaction.TransactionalTestExecutionListener, org.springframework.test.context.jdbc.SqlScriptsTestExecutionListener]
00:40:45.757 [Test worker] INFO org.springframework.boot.test.context.SpringBootTestContextBootstrapper - Could not instantiate TestExecutionListener [org.springframework.test.context.jdbc.SqlScriptsTestExecutionListener]. Specify custom listener classes or make the default listener classes (and their required dependencies) available. Offending class: [org/springframework/transaction/interceptor/TransactionAttribute]
00:40:45.761 [Test worker] INFO org.springframework.boot.test.context.SpringBootTestContextBootstrapper - Could not instantiate TestExecutionListener [org.springframework.test.context.transaction.TransactionalTestExecutionListener]. Specify custom listener classes or make the default listener classes (and their required dependencies) available. Offending class: [org/springframework/transaction/interceptor/TransactionAttributeSource]
00:40:45.761 [Test worker] INFO org.springframework.boot.test.context.SpringBootTestContextBootstrapper - Using TestExecutionListeners: [org.springframework.test.context.web.ServletTestExecutionListener@31964e50, org.springframework.test.context.support.DirtiesContextBeforeModesTestExecutionListener@5ef9f1d3, org.springframework.boot.test.autoconfigure.SpringBootDependencyInjectionTestExecutionListener@64154590, org.springframework.test.context.support.DirtiesContextTestExecutionListener@210059ce, org.springframework.boot.test.autoconfigure.restdocs.RestDocsTestExecutionListener@22e76770, org.springframework.boot.test.autoconfigure.web.servlet.WebDriverTestExecutionListener@33816d96, org.springframework.boot.test.mock.mockito.MockitoTestExecutionListener@7df687b3, org.springframework.boot.test.autoconfigure.web.client.MockRestServiceServerResetTestExecutionListener@5e9b7fea, org.springframework.boot.test.mock.mockito.ResetMocksTestExecutionListener@47de4fae, org.springframework.boot.test.autoconfigure.web.servlet.MockMvcPrintOnlyOnFailureTestExecutionListener@7f8b671e]
00:40:45.764 [Test worker] DEBUG org.springframework.test.annotation.ProfileValueUtils - Retrieved @ProfileValueSourceConfiguration [null] for test class [daowebapi.UserControllerTests]
00:40:45.765 [Test worker] DEBUG org.springframework.test.annotation.ProfileValueUtils - Retrieved ProfileValueSource type [class org.springframework.test.annotation.SystemProfileValueSource] for class [daowebapi.UserControllerTests]
00:40:45.765 [Test worker] DEBUG org.springframework.test.annotation.ProfileValueUtils - Retrieved @ProfileValueSourceConfiguration [null] for test class [daowebapi.UserControllerTests]
00:40:45.765 [Test worker] DEBUG org.springframework.test.annotation.ProfileValueUtils - Retrieved ProfileValueSource type [class org.springframework.test.annotation.SystemProfileValueSource] for class [daowebapi.UserControllerTests]
00:40:45.769 [Test worker] DEBUG org.springframework.test.context.support.AbstractDirtiesContextTestExecutionListener - Before test class: context [DefaultTestContext@4cbd1ebf testClass = UserControllerTests, testInstance = [null], testMethod = [null], testException = [null], mergedContextConfiguration = [WebMergedContextConfiguration@2a6fc899 testClass = UserControllerTests, locations = '{}', classes = '{class daowebapi.Application}', contextInitializerClasses = '[]', activeProfiles = '{}', propertySourceLocations = '{}', propertySourceProperties = '{org.springframework.boot.test.context.SpringBootTestContextBootstrapper=true}', contextCustomizers = set[org.springframework.boot.test.context.ImportsContextCustomizer@1c75acd5, org.springframework.boot.test.context.SpringBootTestContextCustomizer@73a6caeb, org.springframework.boot.test.context.filter.ExcludeFilterContextCustomizer@67598f91, org.springframework.boot.test.mock.mockito.MockitoContextCustomizer@0, org.springframework.boot.test.autoconfigure.properties.PropertyMappingContextCustomizer@e7e8512, org.springframework.boot.test.autoconfigure.web.servlet.WebDriverContextCustomizerFactory$Customizer@7519eebe], resourceBasePath = 'src/main/webapp', contextLoader = 'org.springframework.boot.test.context.SpringBootContextLoader', parent = [null]]], class annotated with @DirtiesContext [false] with mode [null].
00:40:45.770 [Test worker] DEBUG org.springframework.test.annotation.ProfileValueUtils - Retrieved @ProfileValueSourceConfiguration [null] for test class [daowebapi.UserControllerTests]
00:40:45.770 [Test worker] DEBUG org.springframework.test.annotation.ProfileValueUtils - Retrieved ProfileValueSource type [class org.springframework.test.annotation.SystemProfileValueSource] for class [daowebapi.UserControllerTests]
00:40:45.790 [Test worker] DEBUG org.springframework.core.env.StandardEnvironment - Adding [systemProperties] PropertySource with lowest search precedence
00:40:45.790 [Test worker] DEBUG org.springframework.core.env.StandardEnvironment - Adding [systemEnvironment] PropertySource with lowest search precedence
00:40:45.791 [Test worker] DEBUG org.springframework.core.env.StandardEnvironment - Initialized StandardEnvironment with PropertySources [systemProperties,systemEnvironment]
00:40:45.792 [Test worker] DEBUG org.springframework.test.context.support.TestPropertySourceUtils - Adding inlined properties to environment: {spring.jmx.enabled=false, org.springframework.boot.test.context.SpringBootTestContextBootstrapper=true, server.port=-1}
00:40:45.792 [Test worker] DEBUG org.springframework.core.env.StandardEnvironment - Adding [Inlined Test Properties] PropertySource with highest search precedence

  .   ____          _            __ _ _
 /\\ / ___'_ __ _ _(_)_ __  __ _ \ \ \ \
( ( )\___ | '_ | '_| | '_ \/ _` | \ \ \ \
 \\/  ___)| |_)| | | | | || (_| |  ) ) ) )
  '  |____| .__|_| |_|_| |_\__, | / / / /
 =========|_|==============|___/=/_/_/_/
 :: Spring Boot ::        (v1.4.1.RELEASE)

2016-11-11 00:40:46.138  INFO 45788 --- [    Test worker] daowebapi.UserControllerTests            : Starting UserControllerTests on Thongs-MBP.attlocal.net with PID 45788 (started by tmizzle2005 in /Users/tmizzle2005/Desktop/projects/daowebapi)
2016-11-11 00:40:46.139  INFO 45788 --- [    Test worker] daowebapi.UserControllerTests            : No active profile set, falling back to default profiles: default
2016-11-11 00:40:46.159  INFO 45788 --- [    Test worker] o.s.w.c.s.GenericWebApplicationContext   : Refreshing org.springframework.web.context.support.GenericWebApplicationContext@2f2b000: startup date [Fri Nov 11 00:40:46 EST 2016]; root of context hierarchy
2016-11-11 00:40:47.357  INFO 45788 --- [    Test worker] o.s.b.t.m.w.SpringBootMockServletContext : Initializing Spring FrameworkServlet ''
2016-11-11 00:40:47.357  INFO 45788 --- [    Test worker] o.s.t.web.servlet.TestDispatcherServlet  : FrameworkServlet '': initialization started
2016-11-11 00:40:47.588  INFO 45788 --- [    Test worker] s.w.s.m.m.a.RequestMappingHandlerMapping : Mapped "{[/user]}" onto public daowebapi.models.User daowebapi.controllers.UserController.user()
2016-11-11 00:40:47.593  INFO 45788 --- [    Test worker] s.w.s.m.m.a.RequestMappingHandlerMapping : Mapped "{[/error]}" onto public org.springframework.http.ResponseEntity<java.util.Map<java.lang.String, java.lang.Object>> org.springframework.boot.autoconfigure.web.BasicErrorController.error(javax.servlet.http.HttpServletRequest)
2016-11-11 00:40:47.594  INFO 45788 --- [    Test worker] s.w.s.m.m.a.RequestMappingHandlerMapping : Mapped "{[/error],produces=[text/html]}" onto public org.springframework.web.servlet.ModelAndView org.springframework.boot.autoconfigure.web.BasicErrorController.errorHtml(javax.servlet.http.HttpServletRequest,javax.servlet.http.HttpServletResponse)
2016-11-11 00:40:47.624  INFO 45788 --- [    Test worker] o.s.w.s.handler.SimpleUrlHandlerMapping  : Mapped URL path [/webjars/**] onto handler of type [class org.springframework.web.servlet.resource.ResourceHttpRequestHandler]
2016-11-11 00:40:47.624  INFO 45788 --- [    Test worker] o.s.w.s.handler.SimpleUrlHandlerMapping  : Mapped URL path [/**] onto handler of type [class org.springframework.web.servlet.resource.ResourceHttpRequestHandler]
2016-11-11 00:40:47.639  INFO 45788 --- [    Test worker] o.s.w.s.handler.SimpleUrlHandlerMapping  : Mapped URL path [/**/favicon.ico] onto handler of type [class org.springframework.web.servlet.resource.ResourceHttpRequestHandler]
2016-11-11 00:40:47.678  INFO 45788 --- [    Test worker] s.w.s.m.m.a.RequestMappingHandlerAdapter : Looking for @ControllerAdvice: org.springframework.web.context.support.GenericWebApplicationContext@2f2b000: startup date [Fri Nov 11 00:40:46 EST 2016]; root of context hierarchy
2016-11-11 00:40:47.767  INFO 45788 --- [    Test worker] o.s.t.web.servlet.TestDispatcherServlet  : FrameworkServlet '': initialization completed in 409 ms
2016-11-11 00:40:47.914  INFO 45788 --- [    Test worker] daowebapi.UserControllerTests            : Started UserControllerTests in 2.114 seconds (JVM running for 2.839)
]]></system-out>
  <system-err><![CDATA[]]></system-err>
</testsuite>
